This is pdfTeX, Version 3.141592653-2.6-1.40.25 (MiKTeX 23.5) (preloaded format=pdflatex 2023.9.18)  18 SEP 2023 09:04
entering extended mode
 restricted \write18 enabled.
 file:line:error style messages enabled.
 %&-line parsing enabled.
**c:/Users/Mateus/Desktop/lab_cont/main.tex
(c:/Users/Mateus/Desktop/lab_cont/main.tex
LaTeX2e <2023-06-01> patch level 1
L3 programming layer <2023-08-29>
(ifacconf.cls
Document Class: ifacconf 2008/04/14, 3.2ModD: IFAC conferences

\@frontmatterwidth=\dimen140
\@bls=\dimen141
\eqntopsep=\skip48
\eqnarraycolsep=\dimen142
\labelwidthi=\dimen143
\labelwidthii=\dimen144
\labelwidthiii=\dimen145
\labelwidthiv=\dimen146
\@maxlistdepth=\count185
\eqnbaselineskip=\skip49
\eqnlineskip=\skip50
\mathindent=\dimen147
\rulepreskip=\dimen148
\rulepostskip=\dimen149
\Arrayrulewidth=\dimen150
\crulepostskip=\dimen151
\@Ldec=\dimen152
\@Rdec=\dimen153
\@Lpmdec=\dimen154
\@Rpmdec=\dimen155
\c@section=\count186
\c@subsection=\count187
\c@subsubsection=\count188
\c@paragraph=\count189
\c@subparagraph=\count190
(C:\Users\Mateus\AppData\Local\Programs\MiKTeX\tex/latex/tools\theorem.sty
Package: theorem 2014/10/28 v2.2c Theorem extension package (FMi)
\theorem@style=\toks17
\theorem@bodyfont=\toks18
\theorempreskipamount=\skip51
\theorempostskipamount=\skip52
 (C:\Users\Mateus\AppData\Local\Programs\MiKTeX\tex/latex/tools\thp.sty
File: thp.sty 2014/10/28 v2.2c Theorem extension package (FMi)
)) (C:\Users\Mateus\AppData\Local\Programs\MiKTeX\tex/latex/base\newlfont.sty
Package: newlfont 1998/08/17 v2.2m Standard LaTeX package
LaTeX Info: Redefining \em on input line 57.
 (C:\Users\Mateus\AppData\Local\Programs\MiKTeX\tex/latex/base\latexsym.sty
Package: latexsym 1998/08/17 v2.2e Standard LaTeX package (lasy symbols)
\symlasy=\mathgroup4
LaTeX Font Info:    Overwriting symbol font `lasy' in version `bold'
(Font)                  U/lasy/m/n --> U/lasy/b/n on input line 52.
))
LaTeX Info: Redefining \rm on input line 595.
LaTeX Info: Redefining \sf on input line 596.
LaTeX Info: Redefining \tt on input line 597.
LaTeX Info: Redefining \bf on input line 598.
LaTeX Info: Redefining \it on input line 599.
LaTeX Info: Redefining \sl on input line 600.
LaTeX Info: Redefining \sc on input line 601.
\c@thm=\count191
\c@alg=\count192
\c@algorithm=\count193
\c@note=\count194
\c@summ=\count195
\c@case=\count196
\@tempcntc=\count197
\c@figure=\count198
\c@table=\count199
\t@glob@notes=\toks19
\t@loc@notes=\toks20
\note@cnt=\count266
\c@author=\count267
\n@author=\count268
\c@collab=\count269
\n@collab=\count270
\c@address=\count271
\sv@mathsurround=\dimen156
\sv@hyphenpenalty=\count272
\prev@elem=\count273
\cur@elem=\count274
\fm@box=\box51
\fm@size=\dimen157
\t@abstract=\box52
\t@keyword=\box53
\rep@mod=\count275
\t@xtheight=\dimen158
\@logoheight=\dimen159
\@pubyear=\count276
\c@firstpage=\count277
\c@lastpage=\count278
\slashbox=\box54
LaTeX Font Info:    External font `cmex10' loaded for size
(Font)              <7> on input line 1506.
LaTeX Font Info:    External font `cmex10' loaded for size
(Font)              <5> on input line 1506.
LaTeX Font Info:    Trying to load font information for U+lasy on input line 1506.
 (C:\Users\Mateus\AppData\Local\Programs\MiKTeX\tex/latex/base\ulasy.fd
File: ulasy.fd 1998/08/17 v2.2e LaTeX symbol font definitions
)
\Slashbox=\box55
LaTeX Font Info:    External font `cmex10' loaded for size
(Font)              <12> on input line 1507.
LaTeX Font Info:    External font `cmex10' loaded for size
(Font)              <8> on input line 1507.
LaTeX Font Info:    External font `cmex10' loaded for size
(Font)              <6> on input line 1507.
\@frontindent=\dimen160
) (C:\Users\Mateus\AppData\Local\Programs\MiKTeX\tex/latex/graphics\graphicx.sty
Package: graphicx 2021/09/16 v1.2d Enhanced LaTeX Graphics (DPC,SPQR)
 (C:\Users\Mateus\AppData\Local\Programs\MiKTeX\tex/latex/graphics\keyval.sty
Package: keyval 2022/05/29 v1.15 key=value parser (DPC)
\KV@toks@=\toks21
) (C:\Users\Mateus\AppData\Local\Programs\MiKTeX\tex/latex/graphics\graphics.sty
Package: graphics 2022/03/10 v1.4e Standard LaTeX Graphics (DPC,SPQR)
 (C:\Users\Mateus\AppData\Local\Programs\MiKTeX\tex/latex/graphics\trig.sty
Package: trig 2021/08/11 v1.11 sin cos tan (DPC)
) (C:\Users\Mateus\AppData\Local\Programs\MiKTeX\tex/latex/graphics-cfg\graphics.cfg
File: graphics.cfg 2016/06/04 v1.11 sample graphics configuration
)
Package graphics Info: Driver file: pdftex.def on input line 107.
 (C:\Users\Mateus\AppData\Local\Programs\MiKTeX\tex/latex/graphics-def\pdftex.def
File: pdftex.def 2022/09/22 v1.2b Graphics/color driver for pdftex
))
\Gin@req@height=\dimen161
\Gin@req@width=\dimen162
) (C:\Users\Mateus\AppData\Local\Programs\MiKTeX\tex/latex/natbib\natbib.sty
Package: natbib 2010/09/13 8.31b (PWD, AO)
\bibhang=\skip53
\bibsep=\skip54
LaTeX Info: Redefining \cite on input line 694.
\c@NAT@ctr=\count279
) (C:\Users\Mateus\AppData\Local\Programs\MiKTeX\tex/latex/l3backend\l3backend-pdftex.def
File: l3backend-pdftex.def 2023-04-19 L3 backend support: PDF output (pdfTeX)
\l__color_backend_stack_int=\count280
\l__pdf_internal_box=\box56
) (main.aux)
\openout1 = `main.aux'.

LaTeX Font Info:    Checking defaults for OML/cmm/m/it on input line 11.
LaTeX Font Info:    ... okay on input line 11.
LaTeX Font Info:    Checking defaults for OMS/cmsy/m/n on input line 11.
LaTeX Font Info:    ... okay on input line 11.
LaTeX Font Info:    Checking defaults for OT1/cmr/m/n on input line 11.
LaTeX Font Info:    ... okay on input line 11.
LaTeX Font Info:    Checking defaults for T1/cmr/m/n on input line 11.
LaTeX Font Info:    ... okay on input line 11.
LaTeX Font Info:    Checking defaults for TS1/cmr/m/n on input line 11.
LaTeX Font Info:    ... okay on input line 11.
LaTeX Font Info:    Checking defaults for OMX/cmex/m/n on input line 11.
LaTeX Font Info:    ... okay on input line 11.
LaTeX Font Info:    Checking defaults for U/cmr/m/n on input line 11.
LaTeX Font Info:    ... okay on input line 11.
 (C:\Users\Mateus\AppData\Local\Programs\MiKTeX\tex/context/base/mkii\supp-pdf.mkii
[Loading MPS to PDF converter (version 2006.09.02).]
\scratchcounter=\count281
\scratchdimen=\dimen163
\scratchbox=\box57
\nofMPsegments=\count282
\nofMParguments=\count283
\everyMPshowfont=\toks22
\MPscratchCnt=\count284
\MPscratchDim=\dimen164
\MPnumerator=\count285
\makeMPintoPDFobject=\count286
\everyMPtoPDFconversion=\toks23
) (C:\Users\Mateus\AppData\Local\Programs\MiKTeX\tex/latex/epstopdf-pkg\epstopdf-base.sty
Package: epstopdf-base 2020-01-24 v2.11 Base part for package epstopdf
Package epstopdf-base Info: Redefining graphics rule for `.eps' on input line 485.
 (C:\Users\Mateus\AppData\Local\Programs\MiKTeX\tex/latex/00miktex\epstopdf-sys.cfg
File: epstopdf-sys.cfg 2021/03/18 v2.0 Configuration of epstopdf for MiKTeX
))
LaTeX Font Info:    Calculating math sizes for size <14> on input line 14.
LaTeX Font Info:    External font `cmex10' loaded for size
(Font)              <14> on input line 14.
LaTeX Font Info:    External font `cmex10' loaded for size
(Font)              <9.79996> on input line 14.
\c@sv@footnote=\count287
<figures/planta_padrao.jpg, id=1, 4015.0pt x 3011.25pt>
File: figures/planta_padrao.jpg Graphic file (type jpg)
<use figures/planta_padrao.jpg>
Package pdftex.def Info: figures/planta_padrao.jpg  used on input line 62.
(pdftex.def)             Requested size: 239.00298pt x 179.24281pt.
 [1{C:/Users/Mateus/AppData/Local/MiKTeX/fonts/map/pdftex/pdftex.map}

 <./figures/planta_padrao.jpg>]
<figures/picos_teste_1.png, id=14, 529.98pt x 432.86719pt>
File: figures/picos_teste_1.png Graphic file (type png)
<use figures/picos_teste_1.png>
Package pdftex.def Info: figures/picos_teste_1.png  used on input line 130.
(pdftex.def)             Requested size: 239.00298pt x 195.21115pt.
<figures/picos_teste_2.png, id=16, 532.23843pt x 430.60875pt>
File: figures/picos_teste_2.png Graphic file (type png)
<use figures/picos_teste_2.png>
Package pdftex.def Info: figures/picos_teste_2.png  used on input line 138.
(pdftex.def)             Requested size: 239.00298pt x 193.36476pt.
<figures/regressao_teste_1.png, id=17, 534.49687pt x 450.9347pt>
File: figures/regressao_teste_1.png Graphic file (type png)
<use figures/regressao_teste_1.png>
Package pdftex.def Info: figures/regressao_teste_1.png  used on input line 146.
(pdftex.def)             Requested size: 239.00298pt x 201.63892pt.
<figures/regressao_teste_2.png, id=18, 536.0025pt x 449.42906pt>
File: figures/regressao_teste_2.png Graphic file (type png)
<use figures/regressao_teste_2.png>
Package pdftex.def Info: figures/regressao_teste_2.png  used on input line 154.
(pdftex.def)             Requested size: 239.00298pt x 200.39647pt.
 [2 <./figures/picos_teste_1.png> <./figures/picos_teste_2.png> <./figures/regressao_teste_1.png> <./figures/regressao_teste_2.png>]
<figures/lugar_raizes_mf_corrigida.png, id=29, 791.95876pt x 363.3575pt>
File: figures/lugar_raizes_mf_corrigida.png Graphic file (type png)
<use figures/lugar_raizes_mf_corrigida.png>
Package pdftex.def Info: figures/lugar_raizes_mf_corrigida.png  used on input line 232.
(pdftex.def)             Requested size: 239.00298pt x 109.65677pt.
<figures/lugar_raizes_mf_corrigida_aproximada.png, id=30, 793.96625pt x 360.34625pt>
File: figures/lugar_raizes_mf_corrigida_aproximada.png Graphic file (type png)
<use figures/lugar_raizes_mf_corrigida_aproximada.png>
Package pdftex.def Info: figures/lugar_raizes_mf_corrigida_aproximada.png  used on input line 240.
(pdftex.def)             Requested size: 239.00298pt x 108.4731pt.
<figures/resposta_degrau_mf_atualizado.png, id=31, 778.91pt x 347.79938pt>
File: figures/resposta_degrau_mf_atualizado.png Graphic file (type png)
<use figures/resposta_degrau_mf_atualizado.png>
Package pdftex.def Info: figures/resposta_degrau_mf_atualizado.png  used on input line 248.
(pdftex.def)             Requested size: 239.00298pt x 106.71814pt.
 (main.bbl

Package natbib Warning: Empty `thebibliography' environment on input line 10.

) [3 <./figures/lugar_raizes_mf_corrigida.png> <./figures/lugar_raizes_mf_corrigida_aproximada.png> <./figures/resposta_degrau_mf_atualizado.png>] (main.aux)
 ***********
LaTeX2e <2023-06-01> patch level 1
L3 programming layer <2023-08-29>
 ***********
 ) 
Here is how much of TeX's memory you used:
 2326 strings out of 475248
 36215 string characters out of 5757341
 1932801 words of memory out of 5000000
 23861 multiletter control sequences out of 15000+600000
 563421 words of font info for 58 fonts, out of 8000000 for 9000
 1141 hyphenation exceptions out of 8191
 57i,10n,65p,294b,262s stack positions out of 10000i,1000n,20000p,200000b,200000s
<C:/Users/Mateus/AppData/Local/Programs/MiKTeX/fonts/type1/public/amsfonts/cm/cmbx10.pfb><C:/Users/Mateus/AppData/Local/Programs/MiKTeX/fonts/type1/public/amsfonts/cm/cmbx12.pfb><C:/Users/Mateus/AppData/Local/Programs/MiKTeX/fonts/type1/public/amsfonts/cm/cmex10.pfb><C:/Users/Mateus/AppData/Local/Programs/MiKTeX/fonts/type1/public/amsfonts/cm/cmmi10.pfb><C:/Users/Mateus/AppData/Local/Programs/MiKTeX/fonts/type1/public/amsfonts/cm/cmmi5.pfb><C:/Users/Mateus/AppData/Local/Programs/MiKTeX/fonts/type1/public/amsfonts/cm/cmmi7.pfb><C:/Users/Mateus/AppData/Local/Programs/MiKTeX/fonts/type1/public/amsfonts/cm/cmr10.pfb><C:/Users/Mateus/AppData/Local/Programs/MiKTeX/fonts/type1/public/amsfonts/cm/cmr7.pfb><C:/Users/Mateus/AppData/Local/Programs/MiKTeX/fonts/type1/public/amsfonts/cm/cmsy10.pfb><C:/Users/Mateus/AppData/Local/Programs/MiKTeX/fonts/type1/public/amsfonts/cm/cmsy7.pfb><C:/Users/Mateus/AppData/Local/Programs/MiKTeX/fonts/type1/public/amsfonts/cm/cmti10.pfb>
Output written on main.pdf (3 pages, 3135377 bytes).
PDF statistics:
 83 PDF objects out of 1000 (max. 8388607)
 0 named destinations out of 1000 (max. 500000)
 41 words of extra memory for PDF output out of 10000 (max. 10000000)

